This file contains any messages produced by compilers while
running configure, to aid debugging if configure makes a mistake.

It was created by Osmium for Python configure 0.1, which was
generated by GNU Autoconf 2.68.  Invocation command line was

  $ configure 

## --------- ##
## Platform. ##
## --------- ##

hostname = deeksha-Inspiron-N5110
uname -m = i686
uname -r = 3.13.0-39-generic
uname -s = Linux
uname -v = #66-Ubuntu SMP Tue Oct 28 13:31:23 UTC 2014

/usr/bin/uname -p = unknown
/bin/uname -X     = unknown

/bin/arch              = unknown
/usr/bin/arch -k       = unknown
/usr/convex/getsysinfo = unknown
/usr/bin/hostinfo      = unknown
/bin/machine           = unknown
/usr/bin/oslevel       = unknown
/bin/universe          = unknown

PATH: /usr/local/sbin
PATH: /usr/local/bin
PATH: /usr/sbin
PATH: /usr/bin
PATH: /sbin
PATH: /bin


## ----------- ##
## Core tests. ##
## ----------- ##

configure:2153: checking for g++
configure:2169: found /usr/bin/g++
configure:2180: result: g++
configure:2207: checking for C++ compiler version
configure:2216: g++ --version >&5
g++ (Ubuntu 4.8.2-19ubuntu1) 4.8.2
Copyright (C) 2013 Free Software Foundation, Inc.
This is free software; see the source for copying conditions.  There is NO
warranty; not even for MERCHANTABILITY or FITNESS FOR A PARTICULAR PURPOSE.

configure:2227: $? = 0
configure:2216: g++ -v >&5
Using built-in specs.
COLLECT_GCC=g++
COLLECT_LTO_WRAPPER=/usr/lib/gcc/i686-linux-gnu/4.8/lto-wrapper
Target: i686-linux-gnu
Configured with: ../src/configure -v --with-pkgversion='Ubuntu 4.8.2-19ubuntu1' --with-bugurl=file:///usr/share/doc/gcc-4.8/README.Bugs --enable-languages=c,c++,java,go,d,fortran,objc,obj-c++ --prefix=/usr --program-suffix=-4.8 --enable-shared --enable-linker-build-id --libexecdir=/usr/lib --without-included-gettext --enable-threads=posix --with-gxx-include-dir=/usr/include/c++/4.8 --libdir=/usr/lib --enable-nls --with-sysroot=/ --enable-clocale=gnu --enable-libstdcxx-debug --enable-libstdcxx-time=yes --enable-gnu-unique-object --disable-libmudflap --enable-plugin --with-system-zlib --disable-browser-plugin --enable-java-awt=gtk --enable-gtk-cairo --with-java-home=/usr/lib/jvm/java-1.5.0-gcj-4.8-i386/jre --enable-java-home --with-jvm-root-dir=/usr/lib/jvm/java-1.5.0-gcj-4.8-i386 --with-jvm-jar-dir=/usr/lib/jvm-exports/java-1.5.0-gcj-4.8-i386 --with-arch-directory=i386 --with-ecj-jar=/usr/share/java/eclipse-ecj.jar --enable-objc-gc --enable-targets=all --enable-multiarch --disable-werror --with-arch-32=i686 --with-multilib-list=m32,m64,mx32 --with-tune=generic --enable-checking=release --build=i686-linux-gnu --host=i686-linux-gnu --target=i686-linux-gnu
Thread model: posix
gcc version 4.8.2 (Ubuntu 4.8.2-19ubuntu1) 
configure:2227: $? = 0
configure:2216: g++ -V >&5
g++: error: unrecognized command line option '-V'
g++: fatal error: no input files
compilation terminated.
configure:2227: $? = 4
configure:2216: g++ -qversion >&5
g++: error: unrecognized command line option '-qversion'
g++: fatal error: no input files
compilation terminated.
configure:2227: $? = 4
configure:2247: checking whether the C++ compiler works
configure:2269: g++    conftest.cpp  >&5
configure:2273: $? = 0
configure:2321: result: yes
configure:2324: checking for C++ compiler default output file name
configure:2326: result: a.out
configure:2332: checking for suffix of executables
configure:2339: g++ -o conftest    conftest.cpp  >&5
configure:2343: $? = 0
configure:2365: result: 
configure:2387: checking whether we are cross compiling
configure:2395: g++ -o conftest    conftest.cpp  >&5
configure:2399: $? = 0
configure:2406: ./conftest
configure:2410: $? = 0
configure:2425: result: no
configure:2430: checking for suffix of object files
configure:2452: g++ -c   conftest.cpp >&5
configure:2456: $? = 0
configure:2477: result: o
configure:2481: checking whether we are using the GNU C++ compiler
configure:2500: g++ -c   conftest.cpp >&5
configure:2500: $? = 0
configure:2509: result: yes
configure:2518: checking whether g++ accepts -g
configure:2538: g++ -c -g  conftest.cpp >&5
configure:2538: $? = 0
configure:2579: result: yes
configure:2650: checking for gcc
configure:2666: found /usr/bin/gcc
configure:2677: result: gcc
configure:2906: checking for C compiler version
configure:2915: gcc --version >&5
gcc (Ubuntu 4.8.2-19ubuntu1) 4.8.2
Copyright (C) 2013 Free Software Foundation, Inc.
This is free software; see the source for copying conditions.  There is NO
warranty; not even for MERCHANTABILITY or FITNESS FOR A PARTICULAR PURPOSE.

configure:2926: $? = 0
configure:2915: gcc -v >&5
Using built-in specs.
COLLECT_GCC=gcc
COLLECT_LTO_WRAPPER=/usr/lib/gcc/i686-linux-gnu/4.8/lto-wrapper
Target: i686-linux-gnu
Configured with: ../src/configure -v --with-pkgversion='Ubuntu 4.8.2-19ubuntu1' --with-bugurl=file:///usr/share/doc/gcc-4.8/README.Bugs --enable-languages=c,c++,java,go,d,fortran,objc,obj-c++ --prefix=/usr --program-suffix=-4.8 --enable-shared --enable-linker-build-id --libexecdir=/usr/lib --without-included-gettext --enable-threads=posix --with-gxx-include-dir=/usr/include/c++/4.8 --libdir=/usr/lib --enable-nls --with-sysroot=/ --enable-clocale=gnu --enable-libstdcxx-debug --enable-libstdcxx-time=yes --enable-gnu-unique-object --disable-libmudflap --enable-plugin --with-system-zlib --disable-browser-plugin --enable-java-awt=gtk --enable-gtk-cairo --with-java-home=/usr/lib/jvm/java-1.5.0-gcj-4.8-i386/jre --enable-java-home --with-jvm-root-dir=/usr/lib/jvm/java-1.5.0-gcj-4.8-i386 --with-jvm-jar-dir=/usr/lib/jvm-exports/java-1.5.0-gcj-4.8-i386 --with-arch-directory=i386 --with-ecj-jar=/usr/share/java/eclipse-ecj.jar --enable-objc-gc --enable-targets=all --enable-multiarch --disable-werror --with-arch-32=i686 --with-multilib-list=m32,m64,mx32 --with-tune=generic --enable-checking=release --build=i686-linux-gnu --host=i686-linux-gnu --target=i686-linux-gnu
Thread model: posix
gcc version 4.8.2 (Ubuntu 4.8.2-19ubuntu1) 
configure:2926: $? = 0
configure:2915: gcc -V >&5
gcc: error: unrecognized command line option '-V'
gcc: fatal error: no input files
compilation terminated.
configure:2926: $? = 4
configure:2915: gcc -qversion >&5
gcc: error: unrecognized command line option '-qversion'
gcc: fatal error: no input files
compilation terminated.
configure:2926: $? = 4
configure:2930: checking whether we are using the GNU C compiler
configure:2949: gcc -c   conftest.c >&5
configure:2949: $? = 0
configure:2958: result: yes
configure:2967: checking whether gcc accepts -g
configure:2987: gcc -c -g  conftest.c >&5
configure:2987: $? = 0
configure:3028: result: yes
configure:3045: checking for gcc option to accept ISO C89
configure:3109: gcc  -c -g -O2  conftest.c >&5
configure:3109: $? = 0
configure:3122: result: none needed
configure:3150: checking how to run the C++ preprocessor
configure:3177: g++ -E  conftest.cpp
configure:3177: $? = 0
configure:3191: g++ -E  conftest.cpp
conftest.cpp:9:28: fatal error: ac_nonexistent.h: No such file or directory
 #include <ac_nonexistent.h>
                            ^
compilation terminated.
configure:3191: $? = 1
configure: failed program was:
| /* confdefs.h */
| #define PACKAGE_NAME "Osmium for Python"
| #define PACKAGE_TARNAME "pyosmium"
| #define PACKAGE_VERSION "0.1"
| #define PACKAGE_STRING "Osmium for Python 0.1"
| #define PACKAGE_BUGREPORT "johannes.kolb@gmx.net"
| #define PACKAGE_URL "http://bitbucket.org/jokoala/pyosmium"
| /* end confdefs.h.  */
| #include <ac_nonexistent.h>
configure:3216: result: g++ -E
configure:3236: g++ -E  conftest.cpp
configure:3236: $? = 0
configure:3250: g++ -E  conftest.cpp
conftest.cpp:9:28: fatal error: ac_nonexistent.h: No such file or directory
 #include <ac_nonexistent.h>
                            ^
compilation terminated.
configure:3250: $? = 1
configure: failed program was:
| /* confdefs.h */
| #define PACKAGE_NAME "Osmium for Python"
| #define PACKAGE_TARNAME "pyosmium"
| #define PACKAGE_VERSION "0.1"
| #define PACKAGE_STRING "Osmium for Python 0.1"
| #define PACKAGE_BUGREPORT "johannes.kolb@gmx.net"
| #define PACKAGE_URL "http://bitbucket.org/jokoala/pyosmium"
| /* end confdefs.h.  */
| #include <ac_nonexistent.h>
configure:3279: checking for grep that handles long lines and -e
configure:3337: result: /bin/grep
configure:3342: checking for egrep
configure:3404: result: /bin/grep -E
configure:3409: checking for ANSI C header files
configure:3429: g++ -c -g -O2  conftest.cpp >&5
configure:3429: $? = 0
configure:3502: g++ -o conftest -g -O2   conftest.cpp  >&5
configure:3502: $? = 0
configure:3502: ./conftest
configure:3502: $? = 0
configure:3513: result: yes
configure:3526: checking for sys/types.h
configure:3526: g++ -c -g -O2  conftest.cpp >&5
configure:3526: $? = 0
configure:3526: result: yes
configure:3526: checking for sys/stat.h
configure:3526: g++ -c -g -O2  conftest.cpp >&5
configure:3526: $? = 0
configure:3526: result: yes
configure:3526: checking for stdlib.h
configure:3526: g++ -c -g -O2  conftest.cpp >&5
configure:3526: $? = 0
configure:3526: result: yes
configure:3526: checking for string.h
configure:3526: g++ -c -g -O2  conftest.cpp >&5
configure:3526: $? = 0
configure:3526: result: yes
configure:3526: checking for memory.h
configure:3526: g++ -c -g -O2  conftest.cpp >&5
configure:3526: $? = 0
configure:3526: result: yes
configure:3526: checking for strings.h
configure:3526: g++ -c -g -O2  conftest.cpp >&5
configure:3526: $? = 0
configure:3526: result: yes
configure:3526: checking for inttypes.h
configure:3526: g++ -c -g -O2  conftest.cpp >&5
configure:3526: $? = 0
configure:3526: result: yes
configure:3526: checking for stdint.h
configure:3526: g++ -c -g -O2  conftest.cpp >&5
configure:3526: $? = 0
configure:3526: result: yes
configure:3526: checking for unistd.h
configure:3526: g++ -c -g -O2  conftest.cpp >&5
configure:3526: $? = 0
configure:3526: result: yes
configure:3560: checking osmium/osm.hpp usability
configure:3560: g++ -c -g -O2 -Iyes  conftest.cpp >&5
configure:3560: $? = 0
configure:3560: result: yes
configure:3560: checking osmium/osm.hpp presence
configure:3560: g++ -E -Iyes  conftest.cpp
configure:3560: $? = 0
configure:3560: result: yes
configure:3560: checking for osmium/osm.hpp
configure:3560: result: yes
configure:3650: checking for pkg-config
configure:3668: found /usr/bin/pkg-config
configure:3680: result: /usr/bin/pkg-config
configure:3705: checking pkg-config is at least version 0.9.0
configure:3708: result: yes
configure:3717: $PKG_CONFIG --exists --print-errors "zlib"
configure:3720: $? = 0
configure:3728: $PKG_CONFIG --exists --print-errors "protobuf-lite"
configure:3731: $? = 0
configure:3739: $PKG_CONFIG --exists --print-errors "libxml-2.0"
configure:3742: $? = 0
configure:3751: checking for OSMDEFAULT
configure:3758: $PKG_CONFIG --exists --print-errors "zlib protobuf-lite libxml-2.0"
configure:3761: $? = 0
configure:3775: $PKG_CONFIG --exists --print-errors "zlib protobuf-lite libxml-2.0"
configure:3778: $? = 0
configure:3816: result: yes
configure:3903: checking for Expat XML Parser headers in /usr/include
configure:3927: g++ -c -g -O2  -I/usr/include conftest.cpp >&5
configure:3927: $? = 0
configure:3931: result: found
configure:3952: checking for Expat XML Parser libraries
configure:3980: g++ -o conftest -g -O2  -I/usr/include  conftest.cpp  -L/usr/lib -lexpat >&5
configure:3980: $? = 0
configure:3984: result: found
configure:4009: checking for Expat XML Parser
configure:4023: result: yes
configure:4262: creating ./config.status

## ---------------------- ##
## Running config.status. ##
## ---------------------- ##

This file was extended by Osmium for Python config.status 0.1, which was
generated by GNU Autoconf 2.68.  Invocation command line was

  CONFIG_FILES    = 
  CONFIG_HEADERS  = 
  CONFIG_LINKS    = 
  CONFIG_COMMANDS = 
  $ ./config.status 

on deeksha-Inspiron-N5110

config.status:755: creating sysconfig.cfg
configure:5288: result:
required libraries:
OSMIUM              yes
zlib                yes
expat               yes
xml2                yes
protobuf            yes


## ---------------- ##
## Cache variables. ##
## ---------------- ##

ac_cv_c_compiler_gnu=yes
ac_cv_cxx_compiler_gnu=yes
ac_cv_env_CCC_set=
ac_cv_env_CCC_value=
ac_cv_env_CC_set=
ac_cv_env_CC_value=
ac_cv_env_CFLAGS_set=
ac_cv_env_CFLAGS_value=
ac_cv_env_CPPFLAGS_set=
ac_cv_env_CPPFLAGS_value=
ac_cv_env_CXXCPP_set=
ac_cv_env_CXXCPP_value=
ac_cv_env_CXXFLAGS_set=
ac_cv_env_CXXFLAGS_value=
ac_cv_env_CXX_set=
ac_cv_env_CXX_value=
ac_cv_env_LDFLAGS_set=
ac_cv_env_LDFLAGS_value=
ac_cv_env_LIBS_set=
ac_cv_env_LIBS_value=
ac_cv_env_OSMDEFAULT_CFLAGS_set=
ac_cv_env_OSMDEFAULT_CFLAGS_value=
ac_cv_env_OSMDEFAULT_LIBS_set=
ac_cv_env_OSMDEFAULT_LIBS_value=
ac_cv_env_PKG_CONFIG_LIBDIR_set=
ac_cv_env_PKG_CONFIG_LIBDIR_value=
ac_cv_env_PKG_CONFIG_PATH_set=
ac_cv_env_PKG_CONFIG_PATH_value=
ac_cv_env_PKG_CONFIG_set=
ac_cv_env_PKG_CONFIG_value=
ac_cv_env_build_alias_set=
ac_cv_env_build_alias_value=
ac_cv_env_host_alias_set=
ac_cv_env_host_alias_value=
ac_cv_env_target_alias_set=
ac_cv_env_target_alias_value=
ac_cv_header_inttypes_h=yes
ac_cv_header_memory_h=yes
ac_cv_header_osmium_osm_hpp=yes
ac_cv_header_stdc=yes
ac_cv_header_stdint_h=yes
ac_cv_header_stdlib_h=yes
ac_cv_header_string_h=yes
ac_cv_header_strings_h=yes
ac_cv_header_sys_stat_h=yes
ac_cv_header_sys_types_h=yes
ac_cv_header_unistd_h=yes
ac_cv_objext=o
ac_cv_path_EGREP='/bin/grep -E'
ac_cv_path_GREP=/bin/grep
ac_cv_path_ac_pt_PKG_CONFIG=/usr/bin/pkg-config
ac_cv_prog_CXXCPP='g++ -E'
ac_cv_prog_ac_ct_CC=gcc
ac_cv_prog_ac_ct_CXX=g++
ac_cv_prog_cc_c89=
ac_cv_prog_cc_g=yes
ac_cv_prog_cxx_g=yes
pkg_cv_OSMDEFAULT_CFLAGS='-pthread -I/usr/include/libxml2  '
pkg_cv_OSMDEFAULT_LIBS='-pthread -lz -lprotobuf-lite -lpthread -lxml2  '

## ----------------- ##
## Output variables. ##
## ----------------- ##

CC='gcc'
CFLAGS='-g -O2'
CPPFLAGS=''
CXX='g++'
CXXCPP='g++ -E'
CXXFLAGS='-g -O2'
DEFS='-DPACKAGE_NAME=\"Osmium\ for\ Python\" -DPACKAGE_TARNAME=\"pyosmium\" -DPACKAGE_VERSION=\"0.1\" -DPACKAGE_STRING=\"Osmium\ for\ Python\ 0.1\" -DPACKAGE_BUGREPORT=\"johannes.kolb@gmx.net\" -DPACKAGE_URL=\"http://bitbucket.org/jokoala/pyosmium\" -DSTDC_HEADERS=1 -DHAVE_SYS_TYPES_H=1 -DHAVE_SYS_STAT_H=1 -DHAVE_STDLIB_H=1 -DHAVE_STRING_H=1 -DHAVE_MEMORY_H=1 -DHAVE_STRINGS_H=1 -DHAVE_INTTYPES_H=1 -DHAVE_STDINT_H=1 -DHAVE_UNISTD_H=1 -DHAVE_OSMIUM=1'
ECHO_C=''
ECHO_N='-n'
ECHO_T=''
EGREP='/bin/grep -E'
EXEEXT=''
EXPAT_CFLAGS='-I/usr/include'
EXPAT_LIBS='-L/usr/lib -lexpat'
EXPAT_VERSION=''
GREP='/bin/grep'
HAVE_EXPAT='yes'
LDFLAGS=''
LIBOBJS=''
LIBS=' -L/usr/lib -lexpat'
LTLIBOBJS=''
OBJEXT='o'
OSMDEFAULT='yes'
OSMDEFAULT_CFLAGS='-pthread -I/usr/include/libxml2  '
OSMDEFAULT_LIBS='-pthread -lz -lprotobuf-lite -lpthread -lxml2  '
OSMIUM='yes'
OSMIUM_CPPFLAGS='-Iyes'
PACKAGE_BUGREPORT='johannes.kolb@gmx.net'
PACKAGE_NAME='Osmium for Python'
PACKAGE_STRING='Osmium for Python 0.1'
PACKAGE_TARNAME='pyosmium'
PACKAGE_URL='http://bitbucket.org/jokoala/pyosmium'
PACKAGE_VERSION='0.1'
PATH_SEPARATOR=':'
PKG_CONFIG='/usr/bin/pkg-config'
PKG_CONFIG_LIBDIR=''
PKG_CONFIG_PATH=''
PROTOBUF='yes'
SHELL='/bin/bash'
XML2='yes'
ZLIB='yes'
ac_ct_CC='gcc'
ac_ct_CXX='g++'
bindir='${exec_prefix}/bin'
build_alias=''
datadir='${datarootdir}'
datarootdir='${prefix}/share'
docdir='${datarootdir}/doc/${PACKAGE_TARNAME}'
dvidir='${docdir}'
exec_prefix='${prefix}'
host_alias=''
htmldir='${docdir}'
includedir='${prefix}/include'
infodir='${datarootdir}/info'
libdir='${exec_prefix}/lib'
libexecdir='${exec_prefix}/libexec'
localedir='${datarootdir}/locale'
localstatedir='${prefix}/var'
mandir='${datarootdir}/man'
oldincludedir='/usr/include'
pdfdir='${docdir}'
prefix='/usr/local'
program_transform_name='s,x,x,'
psdir='${docdir}'
sbindir='${exec_prefix}/sbin'
sharedstatedir='${prefix}/com'
sysconfdir='${prefix}/etc'
target_alias=''

## ----------- ##
## confdefs.h. ##
## ----------- ##

/* confdefs.h */
#define PACKAGE_NAME "Osmium for Python"
#define PACKAGE_TARNAME "pyosmium"
#define PACKAGE_VERSION "0.1"
#define PACKAGE_STRING "Osmium for Python 0.1"
#define PACKAGE_BUGREPORT "johannes.kolb@gmx.net"
#define PACKAGE_URL "http://bitbucket.org/jokoala/pyosmium"
#define STDC_HEADERS 1
#define HAVE_SYS_TYPES_H 1
#define HAVE_SYS_STAT_H 1
#define HAVE_STDLIB_H 1
#define HAVE_STRING_H 1
#define HAVE_MEMORY_H 1
#define HAVE_STRINGS_H 1
#define HAVE_INTTYPES_H 1
#define HAVE_STDINT_H 1
#define HAVE_UNISTD_H 1
#define HAVE_OSMIUM 1

configure: exit 0
